g:\studyproject\c大\findroad\x64\debug\vc143.pdb
g:\studyproject\c大\findroad\x64\debug\vc143.idb
g:\studyproject\c大\findroad\x64\debug\pathfinder.obj
g:\studyproject\c大\findroad\x64\debug\map.obj
g:\studyproject\c大\findroad\x64\debug\main.obj
g:\studyproject\c_programming\findroad\x64\debug\vc143.pdb
g:\studyproject\c_programming\findroad\x64\debug\vc143.idb
g:\studyproject\c_programming\findroad\x64\debug\pathfinder.obj
g:\studyproject\c_programming\findroad\x64\debug\main.obj
g:\studyproject\c大\findroad\x64\debug\findroad.exe
g:\studyproject\c大\findroad\x64\debug\findroad.ilk
g:\studyproject\c大\findroad\x64\debug\findroad.pdb
g:\studyproject\c_programming\findroad\x64\debug\map.obj
g:\studyproject\c_programming\findroad\x64\debug\findroad.ilk
g:\studyproject\c_programming\findroad\x64\debug\findroad.pdb
g:\studyproject\c_programming\findroad\x64\debug\findroad.exe
g:\studyproject\c_programming\findroad\x64\debug\findroad.tlog\cl.read.1.tlog
g:\studyproject\c_programming\findroad\x64\debug\findroad.tlog\cl.write.1.tlog
g:\studyproject\c_programming\findroad\x64\debug\findroad.tlog\cl.command.1.tlog
g:\studyproject\c_programming\findroad\x64\debug\findroad.tlog\link.read.2.tlog
g:\studyproject\c_programming\findroad\x64\debug\findroad.tlog\link.write.1.tlog
g:\studyproject\c_programming\findroad\x64\debug\findroad.tlog\link.command.1.tlog
