  Building Custom Rule G:/StudyProject/c_programming/BrainFuckCompiler/CMakeLists.txt
  BF.c
G:\StudyProject\c_programming\BrainFuckCompiler\BF.c(29,4): warning C4996: 'strcpy': This function or variable may be unsafe. Consider using strcpy_s instead. To disable deprecation, use _CRT_SECURE_NO_WARNINGS. See online help for details.
G:\StudyProject\c_programming\BrainFuckCompiler\BF.c(30,4): warning C4996: 'strcpy': This function or variable may be unsafe. Consider using strcpy_s instead. To disable deprecation, use _CRT_SECURE_NO_WARNINGS. See online help for details.
G:\StudyProject\c_programming\BrainFuckCompiler\BF.c(31,4): warning C4996: 'strcpy': This function or variable may be unsafe. Consider using strcpy_s instead. To disable deprecation, use _CRT_SECURE_NO_WARNINGS. See online help for details.
G:\StudyProject\c_programming\BrainFuckCompiler\BF.c(33,13): warning C4267: “=”: 从“size_t”转换到“int”，可能丢失数据
G:\StudyProject\c_programming\BrainFuckCompiler\BF.c(35,4): warning C4996: 'strcat': This function or variable may be unsafe. Consider using strcat_s instead. To disable deprecation, use _CRT_SECURE_NO_WARNINGS. See online help for details.
  paraser.c
G:\StudyProject\c_programming\BrainFuckCompiler\paraser.c(35,5): warning C4996: 'strcat': This function or variable may be unsafe. Consider using strcat_s instead. To disable deprecation, use _CRT_SECURE_NO_WARNINGS. See online help for details.
G:\StudyProject\c_programming\BrainFuckCompiler\paraser.c(40,9): warning C4996: 'strcat': This function or variable may be unsafe. Consider using strcat_s instead. To disable deprecation, use _CRT_SECURE_NO_WARNINGS. See online help for details.
G:\StudyProject\c_programming\BrainFuckCompiler\paraser.c(44,5): warning C4996: 'strcat': This function or variable may be unsafe. Consider using strcat_s instead. To disable deprecation, use _CRT_SECURE_NO_WARNINGS. See online help for details.
G:\StudyProject\c_programming\BrainFuckCompiler\paraser.c(31,19): warning C4267: “初始化”: 从“size_t”转换到“long”，可能丢失数据
  compiler.c
G:\StudyProject\c_programming\BrainFuckCompiler\compiler.c(8,22): warning C4996: 'fopen': This function or variable may be unsafe. Consider using fopen_s instead. To disable deprecation, use _CRT_SECURE_NO_WARNINGS. See online help for details.
G:\StudyProject\c_programming\BrainFuckCompiler\compiler.c(28,16): warning C4996: 'fopen': This function or variable may be unsafe. Consider using fopen_s instead. To disable deprecation, use _CRT_SECURE_NO_WARNINGS. See online help for details.
G:\StudyProject\c_programming\BrainFuckCompiler\compiler.c(48,2): warning C4996: 'strcpy': This function or variable may be unsafe. Consider using strcpy_s instead. To disable deprecation, use _CRT_SECURE_NO_WARNINGS. See online help for details.
G:\StudyProject\c_programming\BrainFuckCompiler\compiler.c(49,9): warning C4996: 'strcat': This function or variable may be unsafe. Consider using strcat_s instead. To disable deprecation, use _CRT_SECURE_NO_WARNINGS. See online help for details.
G:\StudyProject\c_programming\BrainFuckCompiler\compiler.c(49,21): warning C4996: 'strcat': This function or variable may be unsafe. Consider using strcat_s instead. To disable deprecation, use _CRT_SECURE_NO_WARNINGS. See online help for details.
G:\StudyProject\c_programming\BrainFuckCompiler\compiler.c(49,43): warning C4996: 'strcat': This function or variable may be unsafe. Consider using strcat_s instead. To disable deprecation, use _CRT_SECURE_NO_WARNINGS. See online help for details.
G:\StudyProject\c_programming\BrainFuckCompiler\compiler.c(51,10): warning C4996: 'strcat': This function or variable may be unsafe. Consider using strcat_s instead. To disable deprecation, use _CRT_SECURE_NO_WARNINGS. See online help for details.
  正在生成代码...
  BF.vcxproj -> G:\StudyProject\c_programming\BrainFuckCompiler\Release\BF.exe
